<?xml version="1.0" encoding="UTF-8"?>
<!-- Generated by org.testng.reporters.JUnitReportReporter -->
<testsuite skipped="0" hostname="DESKTOP-IVQQQE2" name="testcases.GetResponseCode" tests="1" failures="0" timestamp="2021-03-23T22:34:21 IST" time="3.473" errors="0">
  <testcase name="getResponseCode" time="3.473" classname="testcases.GetResponseCode"/>
  <system-out/>
</testsuite> <!-- testcases.GetResponseCode -->
