<?xml version="1.0" encoding="UTF-8"?>
<!-- Generated by org.testng.reporters.JUnitReportReporter -->
<testsuite skipped="0" hostname="DESKTOP-IVQQQE2" name="testcases.GetResponseIdTest2" tests="1" failures="0" timestamp="2021-03-24T08:16:17 IST" time="3.878" errors="0">
  <testcase name="getResponseId" time="3.878" classname="testcases.GetResponseIdTest2"/>
  <system-out/>
</testsuite> <!-- testcases.GetResponseIdTest2 -->
