<?xml version="1.0" encoding="UTF-8"?>
<!-- Generated by org.testng.reporters.JUnitReportReporter -->
<testsuite skipped="0" hostname="DESKTOP-IVQQQE2" name="testcases.GetResponseShipsCountTest" tests="1" failures="0" timestamp="2021-03-24T09:54:58 IST" time="3.703" errors="0">
  <testcase name="getResponseShipsCount" time="3.703" classname="testcases.GetResponseShipsCountTest"/>
  <system-out/>
</testsuite> <!-- testcases.GetResponseShipsCountTest -->
