<?xml version="1.0" encoding="UTF-8"?>
<!-- Generated by org.testng.reporters.JUnitReportReporter -->
<testsuite skipped="0" hostname="DESKTOP-IVQQQE2" name="testcases.GetResponseCodeTest" tests="1" failures="0" timestamp="2021-03-24T21:05:15 IST" time="4.718" errors="0">
  <testcase name="getResponseCode" time="4.718" classname="testcases.GetResponseCodeTest"/>
  <system-out/>
</testsuite> <!-- testcases.GetResponseCodeTest -->
