<?xml version="1.0" encoding="UTF-8"?>
<!-- Generated by org.testng.reporters.JUnitReportReporter -->
<testsuite skipped="0" hostname="DESKTOP-IVQQQE2" name="testcases.GetResponseShipsCountTest" tests="1" failures="0" timestamp="2021-03-24T21:05:15 IST" time="4.076" errors="0">
  <testcase name="getResponseShipsCount" time="4.076" classname="testcases.GetResponseShipsCountTest"/>
  <system-out/>
</testsuite> <!-- testcases.GetResponseShipsCountTest -->
